<?xml version="1.0" encoding="UTF-8"?>
<!-- Generated by org.testng.reporters.JUnitReportReporter -->
<testsuite hostname="KUNDAN" failures="0" tests="1" name="scripts.Test6" time="0.002" errors="0" timestamp="2022-12-30T00:20:35 IST" skipped="0">
  <testcase classname="scripts.Test6" name="Tc07" time="0.002"/>
  <system-out>
    <![CDATA[hello jenkins testing]]>
  </system-out>
</testsuite> <!-- scripts.Test6 -->
