<?xml version="1.0" encoding="UTF-8"?>
<!-- Generated by org.testng.reporters.JUnitReportReporter -->
<testsuite hostname="KUNDAN" failures="0" tests="1" name="scripts.test5" time="0.012" errors="0" timestamp="2022-12-30T00:20:35 IST" skipped="0">
  <testcase classname="scripts.test5" name="Tc05" time="0.012"/>
  <system-out>
    <![CDATA[hello API testing]]>
  </system-out>
</testsuite> <!-- scripts.test5 -->
