<?xml version="1.0" encoding="UTF-8"?>
<!-- Generated by org.testng.reporters.JUnitReportReporter -->
<testsuite hostname="KUNDAN" failures="0" tests="1" name="scripts.Test1" time="0.009" errors="0" timestamp="2023-01-02T15:40:37 IST" skipped="0">
  <testcase classname="scripts.Test1" name="Tc01" time="0.009"/>
  <system-out>
    <![CDATA[hello jenkins]]>
  </system-out>
</testsuite> <!-- scripts.Test1 -->
