<?xml version="1.0" encoding="UTF-8"?>
<!-- Generated by org.testng.reporters.JUnitReportReporter -->
<testsuite hostname="KUNDAN" failures="0" tests="1" name="scripts.Test3" time="0.001" errors="0" timestamp="2022-12-30T00:20:35 IST" skipped="0">
  <testcase classname="scripts.Test3" name="Tc03" time="0.001"/>
  <system-out>
    <![CDATA[hello java]]>
  </system-out>
</testsuite> <!-- scripts.Test3 -->
